[    0.000000] Linux version 4.15.0-194-generic (buildd@lcy02-amd64-052) (gcc version 7.5.0 (Ubuntu 7.5.0-3ubuntu1~18.04)) #205-Ubuntu SMP Fri Sep 16 19:49:27 UTC 2022 (Ubuntu 4.15.0-194.205-generic 4.15.18)
[    0.000000] Command line: BOOT_IMAGE=/boot/vmlinuz-4.15.0-194-generic root=LABEL=cloudimg-rootfs ro console=tty1 console=ttyS0
[    0.000000] KERNEL supported cpus:
[    0.000000]   Intel GenuineIntel
[    0.000000]   AMD AuthenticAMD
[    0.000000]   Centaur CentaurHauls
[    0.000000] x86/fpu: x87 FPU will use FXSAVE
[    0.000000] e820: BIOS-provided physical RAM map:
[    0.000000] BIOS-e820: [mem 0x0000000000000000-0x000000000009fbff] usable
[    0.000000] BIOS-e820: [mem 0x000000000009fc00-0x000000000009ffff] reserved
[    0.000000] BIOS-e820: [mem 0x00000000000f0000-0x00000000000fffff] reserved
[    0.000000] BIOS-e820: [mem 0x0000000000100000-0x000000003ffeffff] usable
[    0.000000] BIOS-e820: [mem 0x000000003fff0000-0x000000003fffffff] ACPI data
[    0.000000] BIOS-e820: [mem 0x00000000fec00000-0x00000000fec00fff] reserved
[    0.000000] BIOS-e820: [mem 0x00000000fee00000-0x00000000fee00fff] reserved
[    0.000000] BIOS-e820: [mem 0x00000000fffc0000-0x00000000ffffffff] reserved
[    0.000000] NX (Execute Disable) protection: active
[    0.000000] SMBIOS 2.5 present.
[    0.000000] DMI: innotek GmbH VirtualBox/VirtualBox, BIOS VirtualBox 12/01/2006
[    0.000000] Hypervisor detected: KVM
[    0.000000] e820: last_pfn = 0x3fff0 max_arch_pfn = 0x400000000
[    0.000000] MTRR: Disabled
[    0.000000] x86/PAT: MTRRs disabled, skipping PAT initialization too.
[    0.000000] CPU MTRRs all blank - virtualized system.
[    0.000000] x86/PAT: Configuration [0-7]: WB  WT  UC- UC  WB  WT  UC- UC  
[    0.000000] found SMP MP-table at [mem 0x0009fff0-0x0009ffff]
[    0.000000] Scanning 1 areas for low memory corruption
[    0.000000] RAMDISK: [mem 0x359cb000-0x36cdcfff]
[    0.000000] ACPI: Early table checksum verification disabled
[    0.000000] ACPI: RSDP 0x00000000000E0000 000024 (v02 VBOX  )
[    0.000000] ACPI: XSDT 0x000000003FFF0030 00003C (v01 VBOX   VBOXXSDT 00000001 ASL  00000061)
[    0.000000] ACPI: FACP 0x000000003FFF00F0 0000F4 (v04 VBOX   VBOXFACP 00000001 ASL  00000061)
[    0.000000] ACPI: DSDT 0x000000003FFF0470 002325 (v02 VBOX   VBOXBIOS 00000002 INTL 20100528)
[    0.000000] ACPI: FACS 0x000000003FFF0200 000040
[    0.000000] ACPI: FACS 0x000000003FFF0200 000040
[    0.000000] ACPI: APIC 0x000000003FFF0240 00005C (v02 VBOX   VBOXAPIC 00000001 ASL  00000061)
[    0.000000] ACPI: SSDT 0x000000003FFF02A0 0001CC (v01 VBOX   VBOXCPUT 00000002 INTL 20100528)
[    0.000000] ACPI: Reserving FACP table memory at [mem 0x3fff00f0-0x3fff01e3]
[    0.000000] ACPI: Reserving DSDT table memory at [mem 0x3fff0470-0x3fff2794]
[    0.000000] ACPI: Reserving FACS table memory at [mem 0x3fff0200-0x3fff023f]
[    0.000000] ACPI: Reserving FACS table memory at [mem 0x3fff0200-0x3fff023f]
[    0.000000] ACPI: Reserving APIC table memory at [mem 0x3fff0240-0x3fff029b]
[    0.000000] ACPI: Reserving SSDT table memory at [mem 0x3fff02a0-0x3fff046b]
[    0.000000] No NUMA configuration found
[    0.000000] Faking a node at [mem 0x0000000000000000-0x000000003ffeffff]
[    0.000000] NODE_DATA(0) allocated [mem 0x3ffc5000-0x3ffeffff]
[    0.000000] kvm-clock: cpu 0, msr 0:3ff44001, primary cpu clock
[    0.000000] kvm-clock: Using msrs 4b564d01 and 4b564d00
[    0.000000] kvm-clock: using sched offset of 4053261497 cycles
[    0.000000] clocksource: kvm-clock: mask: 0xffffffffffffffff max_cycles: 0x1cd42e4dffb, max_idle_ns: 881590591483 ns
[    0.000000] Zone ranges:
[    0.000000]   DMA      [mem 0x0000000000001000-0x0000000000ffffff]
[    0.000000]   DMA32    [mem 0x0000000001000000-0x000000003ffeffff]
[    0.000000]   Normal   empty
[    0.000000]   Device   empty
[    0.000000] Movable zone start for each node
[    0.000000] Early memory node ranges
[    0.000000]   node   0: [mem 0x0000000000001000-0x000000000009efff]
[    0.000000]   node   0: [mem 0x0000000000100000-0x000000003ffeffff]
[    0.000000] Reserved but unavailable: 104 pages
[    0.000000] Initmem setup node 0 [mem 0x0000000000001000-0x000000003ffeffff]
[    0.000000] ACPI: PM-Timer IO Port: 0x4008
[    0.000000] IOAPIC[0]: apic_id 2, version 32, address 0xfec00000, GSI 0-23
[    0.000000] ACPI: INT_SRC_OVR (bus 0 bus_irq 0 global_irq 2 dfl dfl)
[    0.000000] ACPI: INT_SRC_OVR (bus 0 bus_irq 9 global_irq 9 low level)
[    0.000000] Using ACPI (MADT) for SMP configuration information
[    0.000000] smpboot: Allowing 2 CPUs, 0 hotplug CPUs
[    0.000000] PM: Registered nosave memory: [mem 0x00000000-0x00000fff]
[    0.000000] PM: Registered nosave memory: [mem 0x0009f000-0x0009ffff]
[    0.000000] PM: Registered nosave memory: [mem 0x000a0000-0x000effff]
[    0.000000] PM: Registered nosave memory: [mem 0x000f0000-0x000fffff]
[    0.000000] e820: [mem 0x40000000-0xfebfffff] available for PCI devices
[    0.000000] Booting paravirtualized kernel on KVM
[    0.000000] clocksource: refined-jiffies: mask: 0xffffffff max_cycles: 0xffffffff, max_idle_ns: 7645519600211568 ns
[    0.000000] setup_percpu: NR_CPUS:8192 nr_cpumask_bits:2 nr_cpu_ids:2 nr_node_ids:1
[    0.000000] percpu: Embedded 50 pages/cpu s167936 r8192 d28672 u1048576
[    0.000000] PV qspinlock hash table entries: 256 (order: 0, 4096 bytes)
[    0.000000] Built 1 zonelists, mobility grouping on.  Total pages: 257913
[    0.000000] Policy zone: DMA32
[    0.000000] Kernel command line: BOOT_IMAGE=/boot/vmlinuz-4.15.0-194-generic root=LABEL=cloudimg-rootfs ro console=tty1 console=ttyS0
[    0.000000] Memory: 982652K/1048120K available (12300K kernel code, 2477K rwdata, 4320K rodata, 2472K init, 2720K bss, 65468K reserved, 0K cma-reserved)
[    0.000000] SLUB: HWalign=64, Order=0-3, MinObjects=0, CPUs=2, Nodes=1
[    0.000000] ftrace: allocating 39477 entries in 155 pages
[    0.004000] Hierarchical RCU implementation.
[    0.004000] 	RCU restricting CPUs from NR_CPUS=8192 to nr_cpu_ids=2.
[    0.004000] 	Tasks RCU enabled.
[    0.004000] RCU: Adjusting geometry for rcu_fanout_leaf=16, nr_cpu_ids=2
[    0.004000] NR_IRQS: 524544, nr_irqs: 440, preallocated irqs: 16
[    0.004000] Console: colour VGA+ 80x25
[    0.004000] console [tty1] enabled
[    0.004000] console [ttyS0] enabled
[    0.004000] ACPI: Core revision 20170831
[    0.004000] ACPI: 2 ACPI AML tables successfully acquired and loaded
[    0.004000] APIC: Switch to symmetric I/O mode setup
[    0.004000] ..TIMER: vector=0x30 apic1=0 pin1=2 apic2=-1 pin2=-1
[    0.004000] tsc: Detected 3792.012 MHz processor
[    0.004000] Calibrating delay loop (skipped) preset value.. 7584.02 BogoMIPS (lpj=15168048)
[    0.004000] pid_max: default: 32768 minimum: 301
[    0.004000] Security Framework initialized
[    0.004000] Yama: becoming mindful.
[    0.004000] AppArmor: AppArmor initialized
[    0.004000] Dentry cache hash table entries: 131072 (order: 8, 1048576 bytes)
[    0.004000] Inode-cache hash table entries: 65536 (order: 7, 524288 bytes)
[    0.004000] Mount-cache hash table entries: 2048 (order: 2, 16384 bytes)
[    0.004000] Mountpoint-cache hash table entries: 2048 (order: 2, 16384 bytes)
[    0.008899] Last level iTLB entries: 4KB 64, 2MB 8, 4MB 8
[    0.012002] Last level dTLB entries: 4KB 64, 2MB 0, 4MB 0, 1GB 4
[    0.016003] Spectre V1 : Mitigation: usercopy/swapgs barriers and __user pointer sanitization
[    0.020003] Spectre V2 : Mitigation: Enhanced IBRS
[    0.024001] Spectre V2 : Spectre v2 / SpectreRSB mitigation: Filling RSB on context switch
[    0.032002] Speculative Store Bypass: Vulnerable
[    0.034790] MMIO Stale Data: Vulnerable: Clear CPU buffers attempted, no microcode
[    0.036124] Freeing SMP alternatives memory: 36K
[    0.171929] APIC calibration not consistent with PM-Timer: 123ms instead of 100ms
[    0.172000] APIC delta adjusted to PM-Timer: 6388297 (7918902)
[    0.172287] smpboot: CPU0: Intel(R) Core(TM) i7-10700K CPU @ 3.80GHz (family: 0x6, model: 0xa5, stepping: 0x5)
[    0.176000] Performance Events: unsupported p6 CPU model 165 no PMU driver, software events only.
[    0.176000] Hierarchical SRCU implementation.
[    0.176000] NMI watchdog: Perf event create on CPU 0 failed with -2
[    0.176000] NMI watchdog: Perf NMI watchdog permanently disabled
[    0.176000] smp: Bringing up secondary CPUs ...
[    0.176000] x86: Booting SMP configuration:
[    0.176000] .... node  #0, CPUs:      #1
[    0.004000] kvm-clock: cpu 1, msr 0:3ff44041, secondary cpu clock
[    0.183917] TSC synchronization [CPU#0 -> CPU#1]:
[    0.184000] Measured 57978 cycles TSC warp between CPUs, turning off TSC clock.
[    0.184000] tsc: Marking TSC unstable due to check_tsc_sync_source failed
[    0.188187] smp: Brought up 1 node, 2 CPUs
[    0.190487] smpboot: Max logical packages: 1
[    0.192004] smpboot: Total of 2 processors activated (15168.04 BogoMIPS)
[    0.198300] devtmpfs: initialized
[    0.200087] x86/mm: Memory block size: 128MB
[    0.202869] evm: security.selinux
[    0.204002] evm: security.SMACK64
[    0.205934] evm: security.SMACK64EXEC
[    0.208003] evm: security.SMACK64TRANSMUTE
[    0.210327] evm: security.SMACK64MMAP
[    0.212000] evm: security.apparmor
[    0.212003] evm: security.ima
[    0.214245] evm: security.capability
[    0.216260] clocksource: jiffies: mask: 0xffffffff max_cycles: 0xffffffff, max_idle_ns: 7645041785100000 ns
[    0.220137] futex hash table entries: 512 (order: 3, 32768 bytes)
[    0.224158] pinctrl core: initialized pinctrl subsystem
[    0.227475] RTC time: 11:59:10, date: 11/12/22
[    0.228876] NET: Registered protocol family 16
[    0.232093] audit: initializing netlink subsys (disabled)
[    0.236152] audit: type=2000 audit(1668254356.225:1): state=initialized audit_enabled=0 res=1
[    0.244081] cpuidle: using governor ladder
[    0.246388] cpuidle: using governor menu
[    0.248032] ACPI: bus type PCI registered
[    0.252003] acpiphp: ACPI Hot Plug PCI Controller Driver version: 0.5
[    0.256395] PCI: Using configuration type 1 for base access
[    0.264302] HugeTLB registered 2.00 MiB page size, pre-allocated 0 pages
[    0.272168] ACPI: Added _OSI(Module Device)
[    0.274607] ACPI: Added _OSI(Processor Device)
[    0.276004] ACPI: Added _OSI(3.0 _SCP Extensions)
[    0.280002] ACPI: Added _OSI(Processor Aggregator Device)
[    0.284007] ACPI: Added _OSI(Linux-Dell-Video)
[    0.286563] ACPI: Added _OSI(Linux-Lenovo-NV-HDMI-Audio)
[    0.288002] ACPI: Added _OSI(Linux-HPI-Hybrid-Graphics)
[    0.292577] ACPI: Executed 1 blocks of module-level executable AML code
[    0.301256] ACPI: Interpreter enabled
[    0.303386] ACPI: (supports S0 S5)
[    0.304002] ACPI: Using IOAPIC for interrupt routing
[    0.308293] PCI: Using host bridge windows from ACPI; if necessary, use "pci=nocrs" and report a bug
[    0.312172] ACPI: Enabled 2 GPEs in block 00 to 07
[    0.324381] ACPI: PCI Root Bridge [PCI0] (domain 0000 [bus 00-ff])
[    0.327819] acpi PNP0A03:00: _OSC: OS supports [ASPM ClockPM Segments MSI]
[    0.328575] acpi PNP0A03:00: _OSC: not requesting OS control; OS requires [ExtendedConfig ASPM ClockPM MSI]
[    0.332010] acpi PNP0A03:00: fail to add MMCONFIG information, can't access extended PCI configuration space under this bridge.
[    0.336562] PCI host bridge to bus 0000:00
[    0.338910] pci_bus 0000:00: root bus resource [io  0x0000-0x0cf7 window]
[    0.340003] pci_bus 0000:00: root bus resource [io  0x0d00-0xffff window]
[    0.344003] pci_bus 0000:00: root bus resource [mem 0x000a0000-0x000bffff window]
[    0.348002] pci_bus 0000:00: root bus resource [mem 0x40000000-0xfdffffff window]
[    0.352003] pci_bus 0000:00: root bus resource [bus 00-ff]
[    0.360192] pci 0000:00:01.1: legacy IDE quirk: reg 0x10: [io  0x01f0-0x01f7]
[    0.364002] pci 0000:00:01.1: legacy IDE quirk: reg 0x14: [io  0x03f6]
[    0.368002] pci 0000:00:01.1: legacy IDE quirk: reg 0x18: [io  0x0170-0x0177]
[    0.372002] pci 0000:00:01.1: legacy IDE quirk: reg 0x1c: [io  0x0376]
[    0.454654] pci 0000:00:07.0: quirk: [io  0x4000-0x403f] claimed by PIIX4 ACPI
[    0.460026] pci 0000:00:07.0: quirk: [io  0x4100-0x410f] claimed by PIIX4 SMB
[    0.474491] ACPI: PCI Interrupt Link [LNKA] (IRQs 5 9 10 *11)
[    0.480421] ACPI: PCI Interrupt Link [LNKB] (IRQs 5 9 *10 11)
[    0.484157] ACPI: PCI Interrupt Link [LNKC] (IRQs 5 *9 10 11)
[    0.492158] ACPI: PCI Interrupt Link [LNKD] (IRQs 5 9 10 *11)
[    0.496582] SCSI subsystem initialized
[    0.500199] pci 0000:00:02.0: vgaarb: setting as boot VGA device
[    0.504000] pci 0000:00:02.0: vgaarb: VGA device added: decodes=io+mem,owns=io+mem,locks=none
[    0.516005] pci 0000:00:02.0: vgaarb: bridge control possible
[    0.520002] vgaarb: loaded
[    0.524050] ACPI: bus type USB registered
[    0.526660] usbcore: registered new interface driver usbfs
[    0.528010] usbcore: registered new interface driver hub
[    0.532008] usbcore: registered new device driver usb
[    0.536117] EDAC MC: Ver: 3.0.0
[    0.540507] PCI: Using ACPI for IRQ routing
[    0.544361] NetLabel: Initializing
[    0.546542] NetLabel:  domain hash size = 128
[    0.548001] NetLabel:  protocols = UNLABELED CIPSOv4 CALIPSO
[    0.552017] NetLabel:  unlabeled traffic allowed by default
[    0.556209] clocksource: Switched to clocksource kvm-clock
[    0.597669] VFS: Disk quotas dquot_6.6.0
[    0.600678] VFS: Dquot-cache hash table entries: 512 (order 0, 4096 bytes)
[    0.605171] AppArmor: AppArmor Filesystem Enabled
[    0.608050] pnp: PnP ACPI init
[    0.611393] pnp: PnP ACPI: found 3 devices
[    0.620955] clocksource: acpi_pm: mask: 0xffffff max_cycles: 0xffffff, max_idle_ns: 2085701024 ns
[    0.626227] NET: Registered protocol family 2
[    0.629446] IP idents hash table entries: 16384 (order: 5, 131072 bytes)
[    0.633752] TCP established hash table entries: 8192 (order: 4, 65536 bytes)
[    0.638156] TCP bind hash table entries: 8192 (order: 5, 131072 bytes)
[    0.642371] TCP: Hash tables configured (established 8192 bind 8192)
[    0.648546] UDP hash table entries: 512 (order: 2, 16384 bytes)
[    0.652087] UDP-Lite hash table entries: 512 (order: 2, 16384 bytes)
[    0.656093] NET: Registered protocol family 1
[    0.658822] pci 0000:00:00.0: Limiting direct PCI/PCI transfers
[    0.662455] pci 0000:00:01.0: Activating ISA DMA hang workarounds
[    0.666215] pci 0000:00:02.0: Video device with shadowed ROM at [mem 0x000c0000-0x000dffff]
[    0.671349] Unpacking initramfs...
[    1.076587] Freeing initrd memory: 19528K
[    1.079512] clocksource: tsc: mask: 0xffffffffffffffff max_cycles: 0x6d51bc3ba65, max_idle_ns: 881590960942 ns
[    1.085607] platform rtc_cmos: registered platform RTC device (no PNP device found)
[    1.090269] Scanning for low memory corruption every 60 seconds
[    1.095242] Initialise system trusted keyrings
[    1.098111] Key type blacklist registered
[    1.101213] workingset: timestamp_bits=36 max_order=18 bucket_order=0
[    1.107010] zbud: loaded
[    1.109773] squashfs: version 4.0 (2009/01/31) Phillip Lougher
[    1.113930] fuse init (API version 7.26)
[    1.129467] Key type asymmetric registered
[    1.132317] Asymmetric key parser 'x509' registered
[    1.135576] Block layer SCSI generic (bsg) driver version 0.4 loaded (major 246)
[    1.140475] io scheduler noop registered
[    1.142924] io scheduler deadline registered
[    1.145726] io scheduler cfq registered (default)
[    1.149323] ACPI: AC Adapter [AC] (on-line)
[    1.151958] input: Power Button as /devices/LNXSYSTM:00/LNXPWRBN:00/input/input0
[    1.156786] ACPI: Power Button [PWRF]
[    1.159171] input: Sleep Button as /devices/LNXSYSTM:00/LNXSLPBN:00/input/input1
[    1.163736] ACPI: Sleep Button [SLPF]
[    1.168258] Serial: 8250/16550 driver, 32 ports, IRQ sharing enabled
[    1.198319] 00:02: ttyS0 at I/O 0x3f8 (irq = 4, base_baud = 115200) is a 16550A
[    1.206902] Linux agpgart interface v0.103
[    1.214222] loop: module loaded
[    1.218438] scsi host0: ata_piix
[    1.221259] scsi host1: ata_piix
[    1.223489] ata1: PATA max UDMA/33 cmd 0x1f0 ctl 0x3f6 bmdma 0xd000 irq 14
[    1.227773] ata2: PATA max UDMA/33 cmd 0x170 ctl 0x376 bmdma 0xd008 irq 15
[    1.232241] tun: Universal TUN/TAP device driver, 1.6
[    1.236042] PPP generic driver version 2.4.2
[    1.239076] ehci_hcd: USB 2.0 'Enhanced' Host Controller (EHCI) Driver
[    1.243017] ehci-pci: EHCI PCI platform driver
[    1.245877] ehci-platform: EHCI generic platform driver
[    1.249134] ohci_hcd: USB 1.1 'Open' Host Controller (OHCI) Driver
[    1.252874] ohci-pci: OHCI PCI platform driver
[    1.255593] ohci-platform: OHCI generic platform driver
[    1.258849] uhci_hcd: USB Universal Host Controller Interface driver
[    1.262773] i8042: PNP: PS/2 Controller [PNP0303:PS2K,PNP0f03:PS2M] at 0x60,0x64 irq 1,12
[    1.270018] serio: i8042 KBD port at 0x60,0x64 irq 1
[    1.273260] serio: i8042 AUX port at 0x60,0x64 irq 12
[    1.276592] mousedev: PS/2 mouse device common for all mice
[    1.281264] input: AT Translated Set 2 keyboard as /devices/platform/i8042/serio0/input/input2
[    1.281507] rtc_cmos rtc_cmos: rtc core: registered rtc_cmos as rtc0
[    1.290773] rtc_cmos rtc_cmos: alarms up to one day, 114 bytes nvram
[    1.294377] i2c /dev entries driver
[    1.296480] device-mapper: uevent: version 1.0.3
[    1.299676] device-mapper: ioctl: 4.37.0-ioctl (2017-09-20) initialised: dm-devel@redhat.com
[    1.304647] ledtrig-cpu: registered to indicate activity on CPUs
[    1.310765] NET: Registered protocol family 10
[    1.321050] Segment Routing with IPv6
[    1.323228] NET: Registered protocol family 17
[    1.326370] Key type dns_resolver registered
[    1.329813] mce: Using 0 MCE banks
[    1.331872] RAS: Correctable Errors collector initialized.
[    1.335634] sched_clock: Marking stable (1335529402, 0)->(1810672179, -475142777)
[    1.343534] registered taskstats version 1
[    1.346214] Loading compiled-in X.509 certificates
[    1.354699] Loaded X.509 cert 'Build time autogenerated kernel key: 6303a3b02fa1c7713b8a75ba7ba622fabd5dd271'
[    1.360838] Loaded X.509 cert 'Canonical Ltd. Live Patch Signing: 14df34d1a87cf37625abec039ef2bf521249b969'
[    1.366896] Loaded X.509 cert 'Canonical Ltd. Kernel Module Signing: 88f752e560a1e0737e31163a466ad7b70a850c19'
[    1.372547] blacklist: Loading compiled-in revocation X.509 certificates
[    1.376396] Loaded X.509 cert 'Canonical Ltd. Secure Boot Signing: 61482aa2830d0ab2ad5af10b7250da9033ddcef0'
[    1.381896] zswap: loaded using pool lzo/zbud
[    1.435473] Key type big_key registered
[    1.438241] Key type trusted registered
[    1.443426] Key type encrypted registered
[    1.446289] AppArmor: AppArmor sha1 policy hashing enabled
[    1.449815] ima: No TPM chip found, activating TPM-bypass! (rc=-19)
[    1.453408] ima: Allocated hash algorithm: sha1
[    1.456053] evm: HMAC attrs: 0x1
[    1.458443]   Magic number: 14:540:984
[    1.461213] rtc_cmos rtc_cmos: setting system clock to 2022-11-12 11:59:11 UTC (1668254351)
[    1.466379] BIOS EDD facility v0.16 2004-Jun-25, 0 devices found
[    1.469905] EDD information not available.
[    1.475074] Freeing unused kernel image memory: 2472K
[    1.500542] Write protecting the kernel read-only data: 20480k
[    1.505133] Freeing unused kernel image memory: 2008K
[    1.508441] Freeing unused kernel image memory: 1824K
[    1.516950] x86/mm: Checked W+X mappings: passed, no W+X pages found.
Loading, please wait...
starting version 237
[    1.579415] e1000: Intel(R) PRO/1000 Network Driver - version 7.3.21-k8-NAPI
[    1.583636] e1000: Copyright (c) 1999-2006 Intel Corporation.
[    1.599450] Fusion MPT base driver 3.04.20
[    1.602229] Copyright (c) 1999-2008 LSI Corporation
[    1.629575] Fusion MPT SPI Host driver 3.04.20
[    1.859952] input: ImExPS/2 Generic Explorer Mouse as /devices/platform/i8042/serio1/input/input4
[    2.602203] e1000 0000:00:03.0 eth0: (PCI:33MHz:32-bit) 02:d4:40:b8:a4:a0
[    2.606289] e1000 0000:00:03.0 eth0: Intel(R) PRO/1000 Network Connection
[    2.616431] e1000 0000:00:03.0 enp0s3: renamed from eth0
[    2.621813] mptbase: ioc0: Initiating bringup
[    2.742253] ioc0: LSI53C1030 A0: Capabilities={Initiator}
[    2.995482] scsi host2: ioc0: LSI53C1030 A0, FwRev=00000000h, Ports=1, MaxQ=256, IRQ=20
[    3.169786] scsi 2:0:0:0: Direct-Access     VBOX     HARDDISK         1.0  PQ: 0 ANSI: 5
[    3.701846] scsi target2:0:0: Beginning Domain Validation
[    3.710557] scsi target2:0:0: Domain Validation skipping write tests
[    3.714024] scsi target2:0:0: Ending Domain Validation
[    3.717233] scsi target2:0:0: asynchronous
[    3.721453] scsi 2:0:1:0: Direct-Access     VBOX     HARDDISK         1.0  PQ: 0 ANSI: 5
[    4.110155] scsi target2:0:1: Beginning Domain Validation
[    4.117156] scsi target2:0:1: Domain Validation skipping write tests
[    4.120633] scsi target2:0:1: Ending Domain Validation
[    4.123638] scsi target2:0:1: asynchronous
[    4.133924] sd 2:0:0:0: [sda] 83886080 512-byte logical blocks: (42.9 GB/40.0 GiB)
[    4.138360] sd 2:0:0:0: [sda] Write Protect is off
[    4.141312] sd 2:0:0:0: [sda] Incomplete mode parameter data
[    4.144610] sd 2:0:0:0: [sda] Assuming drive cache: write through
[    4.145236] sd 2:0:0:0: Attached scsi generic sg0 type 0
[    4.154456] sd 2:0:1:0: Attached scsi generic sg1 type 0
[    4.158615]  sda: sda1
[    4.164162] sd 2:0:1:0: [sdb] 20480 512-byte logical blocks: (10.5 MB/10.0 MiB)
[    4.165704] sd 2:0:0:0: [sda] Attached SCSI disk
[    4.172246] sd 2:0:1:0: [sdb] Write Protect is off
[    4.175887] sd 2:0:1:0: [sdb] Incomplete mode parameter data
[    4.179603] sd 2:0:1:0: [sdb] Assuming drive cache: write through
[    4.189715] sd 2:0:1:0: [sdb] Attached SCSI disk
Begin: Loading essential drivers ... 